<?xml version="1.0" encoding="UTF-8"?>
<!-- Generated by org.testng.reporters.JUnitReportReporter -->
<testsuite hostname="master" name="TestNG.VerifyLoginTest" tests="1" failures="0" timestamp="2 Nov 2019 13:56:20 GMT" time="7.144" errors="0">
  <testcase name="verifyLogin" time="7.144" classname="TestNG.VerifyLoginTest"/>
</testsuite> <!-- TestNG.VerifyLoginTest -->
